
2023/03/11 (18:21:10) | ===> btop++ v.1.2.13
2023/03/11 (18:21:10) | INFO: Logger set to INFO
2023/03/11 (18:21:10) | INFO: Logger set to DEBUG

2023/03/29 (12:39:27) | ===> btop++ v.1.2.13
2023/03/29 (12:39:27) | ERROR: Stall in Runner thread, restarting!

2023/05/09 (22:02:30) | ===> btop++ v.1.2.13
2023/05/09 (22:02:30) | ERROR: Invalid size of hex value: ccc

2023/05/09 (22:02:51) | ===> btop++ v.1.2.13
2023/05/09 (22:02:51) | ERROR: Invalid size of hex value: AAA
2023/05/09 (22:02:51) | ERROR: Invalid size of hex value: ccc

2023/05/09 (22:03:14) | ===> btop++ v.1.2.13
2023/05/09 (22:03:14) | ERROR: Invalid size of hex value: AAA
2023/05/09 (22:03:14) | ERROR: Invalid size of hex value: ccc

2023/05/09 (22:03:46) | ===> btop++ v.1.2.13
2023/05/09 (22:03:46) | ERROR: Invalid size of hex value: AAA
2023/05/09 (22:03:46) | ERROR: Invalid size of hex value: ccc

2023/05/09 (22:04:04) | ===> btop++ v.1.2.13
2023/05/09 (22:04:04) | ERROR: Invalid size of hex value: AAA
2023/05/09 (22:04:04) | ERROR: Invalid size of hex value: ccc

2023/05/09 (22:04:17) | ===> btop++ v.1.2.13
2023/05/09 (22:04:17) | ERROR: Invalid size of hex value: AAA
2023/05/09 (22:04:17) | ERROR: Invalid size of hex value: ccc

2023/05/09 (22:04:32) | ===> btop++ v.1.2.13
2023/05/09 (22:04:32) | ERROR: Invalid size of hex value: AAA
2023/05/09 (22:04:32) | ERROR: Invalid size of hex value: ccc

2023/05/09 (22:04:48) | ===> btop++ v.1.2.13
2023/05/09 (22:04:48) | ERROR: Invalid size of hex value: AAA
2023/05/09 (22:04:48) | ERROR: Invalid size of hex value: ccc

2023/05/09 (22:06:06) | ===> btop++ v.1.2.13
2023/05/09 (22:06:06) | ERROR: Invalid size of hex value: AAA
2023/05/09 (22:06:06) | ERROR: Invalid size of hex value: ccc

2023/05/09 (22:06:56) | ===> btop++ v.1.2.13
2023/05/09 (22:06:56) | ERROR: Invalid size of hex value: AAA
2023/05/09 (22:06:56) | ERROR: Invalid size of hex value: ccc

2023/05/09 (22:07:31) | ===> btop++ v.1.2.13
2023/05/09 (22:07:31) | ERROR: Invalid size of hex value: AAA
2023/05/09 (22:07:31) | ERROR: Invalid size of hex value: ccc

2023/05/09 (22:07:46) | ===> btop++ v.1.2.13
2023/05/09 (22:07:46) | ERROR: Invalid size of hex value: AAA
2023/05/09 (22:07:46) | ERROR: Invalid size of hex value: ccc

2023/05/09 (22:08:16) | ===> btop++ v.1.2.13
2023/05/09 (22:08:16) | ERROR: Invalid size of hex value: AAA
2023/05/09 (22:08:16) | ERROR: Invalid size of hex value: ccc

2023/05/09 (22:09:24) | ===> btop++ v.1.2.13
2023/05/09 (22:09:24) | ERROR: Invalid size of hex value: AAA
2023/05/09 (22:09:24) | ERROR: Invalid size of hex value: ccc

2023/05/09 (22:10:05) | ===> btop++ v.1.2.13
2023/05/09 (22:10:05) | ERROR: Invalid size of hex value: AAA
2023/05/09 (22:10:05) | ERROR: Invalid size of hex value: ccc

2023/05/09 (22:11:20) | ===> btop++ v.1.2.13
2023/05/09 (22:11:20) | ERROR: Invalid size of hex value: AAA
2023/05/09 (22:11:20) | ERROR: Invalid size of hex value: ccc

2023/05/09 (22:11:42) | ===> btop++ v.1.2.13
2023/05/09 (22:11:42) | ERROR: Invalid size of hex value: AAA
2023/05/09 (22:11:42) | ERROR: Invalid size of hex value: ccc

2023/05/09 (22:11:54) | ===> btop++ v.1.2.13
2023/05/09 (22:11:54) | ERROR: Invalid size of hex value: AAA
2023/05/09 (22:11:54) | ERROR: Invalid size of hex value: ccc

2023/05/09 (22:12:01) | ===> btop++ v.1.2.13
2023/05/09 (22:12:01) | ERROR: Invalid size of hex value: AAA
2023/05/09 (22:12:01) | ERROR: Invalid size of hex value: ccc

2023/05/09 (22:12:13) | ===> btop++ v.1.2.13
2023/05/09 (22:12:13) | ERROR: Invalid size of hex value: AAA
2023/05/09 (22:12:13) | ERROR: Invalid size of hex value: ccc

2023/05/09 (22:12:30) | ===> btop++ v.1.2.13
2023/05/09 (22:12:30) | ERROR: Invalid size of hex value: AAA
2023/05/09 (22:12:30) | ERROR: Invalid size of hex value: ccc

2023/05/09 (22:13:10) | ===> btop++ v.1.2.13
2023/05/09 (22:13:10) | ERROR: Invalid size of hex value: AAA
2023/05/09 (22:13:10) | ERROR: Invalid size of hex value: ccc

2023/05/09 (22:45:15) | ===> btop++ v.1.2.13
2023/05/09 (22:45:15) | ERROR: Invalid size of hex value: AAA
2023/05/09 (22:45:15) | ERROR: Invalid size of hex value: ccc

2023/05/13 (11:37:01) | ===> btop++ v.1.2.13
2023/05/13 (11:37:01) | ERROR: Invalid size of hex value: AAA
2023/05/13 (11:37:01) | ERROR: Invalid size of hex value: ccc

2023/05/14 (10:01:38) | ===> btop++ v.1.2.13
2023/05/14 (10:01:38) | ERROR: Invalid size of hex value: AAA
2023/05/14 (10:01:38) | ERROR: Invalid size of hex value: ccc

2023/05/14 (18:56:17) | ===> btop++ v.1.2.13
2023/05/14 (18:56:17) | ERROR: Invalid size of hex value: AAA
2023/05/14 (18:56:17) | ERROR: Invalid size of hex value: ccc

2023/05/14 (19:08:54) | ===> btop++ v.1.2.13
2023/05/14 (19:08:54) | ERROR: Invalid size of hex value: AAA
2023/05/14 (19:08:54) | ERROR: Invalid size of hex value: ccc

2024/08/03 (23:44:55) | ===> btop++ v.1.3.2
2024/08/03 (23:44:55) | ERROR: Invalid size of hex value: AAA
2024/08/03 (23:44:55) | ERROR: Invalid size of hex value: ccc

2024/08/03 (23:54:26) | ===> btop++ v.1.3.2
2024/08/03 (23:54:26) | ERROR: Invalid size of hex value: AAA
2024/08/03 (23:54:26) | ERROR: Invalid size of hex value: ccc

2024/08/04 (15:22:57) | ===> btop++ v.1.3.2
2024/08/04 (15:22:57) | WARNING: NVML: Failed to get maximum GPU power draw, defaulting to 225W: Not Supported
2024/08/04 (15:22:57) | WARNING: NVML: Failed to get GPU power usage: Not Supported
2024/08/04 (15:22:57) | ERROR: Invalid size of hex value: AAA
2024/08/04 (15:22:57) | ERROR: Invalid size of hex value: ccc

2024/08/05 (09:40:58) | ===> btop++ v.1.3.2
2024/08/05 (09:40:58) | WARNING: NVML: Failed to get maximum GPU power draw, defaulting to 225W: Not Supported
2024/08/05 (09:40:58) | WARNING: NVML: Failed to get GPU power usage: Not Supported
2024/08/05 (09:40:58) | ERROR: Invalid size of hex value: AAA
2024/08/05 (09:40:58) | ERROR: Invalid size of hex value: ccc

2024/08/05 (20:46:59) | ===> btop++ v.1.3.2
2024/08/05 (20:46:59) | WARNING: NVML: Failed to get maximum GPU power draw, defaulting to 225W: Not Supported
2024/08/05 (20:46:59) | WARNING: NVML: Failed to get GPU power usage: Not Supported
2024/08/05 (20:46:59) | ERROR: Invalid size of hex value: AAA
2024/08/05 (20:46:59) | ERROR: Invalid size of hex value: ccc

2024/08/05 (21:15:48) | ===> btop++ v.1.3.2
2024/08/05 (21:15:48) | WARNING: NVML: Failed to get maximum GPU power draw, defaulting to 225W: Not Supported
2024/08/05 (21:15:48) | WARNING: NVML: Failed to get GPU power usage: Not Supported
2024/08/05 (21:15:48) | ERROR: Invalid size of hex value: AAA
2024/08/05 (21:15:48) | ERROR: Invalid size of hex value: ccc

2024/08/06 (10:44:05) | ===> btop++ v.1.3.2
2024/08/06 (10:44:05) | WARNING: NVML: Failed to get maximum GPU power draw, defaulting to 225W: Not Supported
2024/08/06 (10:44:05) | WARNING: NVML: Failed to get GPU power usage: Not Supported
2024/08/06 (10:44:05) | ERROR: Invalid size of hex value: AAA
2024/08/06 (10:44:05) | ERROR: Invalid size of hex value: ccc

2024/08/06 (16:50:06) | ===> btop++ v.1.3.2
2024/08/06 (16:50:06) | WARNING: NVML: Failed to get maximum GPU power draw, defaulting to 225W: Not Supported
2024/08/06 (16:50:06) | WARNING: NVML: Failed to get GPU power usage: Not Supported
2024/08/06 (16:50:06) | ERROR: Invalid size of hex value: AAA
2024/08/06 (16:50:06) | ERROR: Invalid size of hex value: ccc

2024/08/07 (11:35:16) | ===> btop++ v.1.3.2
2024/08/07 (11:35:16) | WARNING: NVML: Failed to get maximum GPU power draw, defaulting to 225W: Not Supported
2024/08/07 (11:35:16) | WARNING: NVML: Failed to get GPU power usage: Not Supported
2024/08/07 (11:35:16) | ERROR: Invalid size of hex value: AAA
2024/08/07 (11:35:16) | ERROR: Invalid size of hex value: ccc

2024/08/07 (21:55:22) | ===> btop++ v.1.3.2
2024/08/07 (21:55:22) | WARNING: NVML: Failed to get maximum GPU power draw, defaulting to 225W: Not Supported
2024/08/07 (21:55:22) | WARNING: NVML: Failed to get GPU power usage: Not Supported
2024/08/07 (21:55:22) | ERROR: Invalid size of hex value: AAA
2024/08/07 (21:55:22) | ERROR: Invalid size of hex value: ccc

2024/08/08 (12:09:22) | ===> btop++ v.1.3.2
2024/08/08 (12:09:22) | WARNING: NVML: Failed to get maximum GPU power draw, defaulting to 225W: Not Supported
2024/08/08 (12:09:22) | WARNING: NVML: Failed to get GPU power usage: Not Supported
2024/08/08 (12:09:22) | ERROR: Invalid size of hex value: AAA
2024/08/08 (12:09:22) | ERROR: Invalid size of hex value: ccc

2024/08/24 (20:49:15) | ===> btop++ v.1.3.2
2024/08/24 (20:49:15) | ERROR: No tty detected!
btop++ needs an interactive shell to run.

2024/08/24 (20:49:20) | ===> btop++ v.1.3.2
2024/08/24 (20:49:20) | WARNING: NVML: Failed to get maximum GPU power draw, defaulting to 225W: Not Supported
2024/08/24 (20:49:20) | WARNING: NVML: Failed to get GPU power usage: Not Supported
2024/08/24 (20:49:20) | ERROR: Invalid size of hex value: AAA
2024/08/24 (20:49:20) | ERROR: Invalid size of hex value: ccc

2024/08/24 (22:41:55) | ===> btop++ v.1.3.2
2024/08/24 (22:41:55) | WARNING: NVML: Failed to get maximum GPU power draw, defaulting to 225W: Not Supported
2024/08/24 (22:41:55) | WARNING: NVML: Failed to get GPU power usage: Not Supported
2024/08/24 (22:41:55) | ERROR: Invalid size of hex value: AAA
2024/08/24 (22:41:55) | ERROR: Invalid size of hex value: ccc

2024/08/25 (11:26:35) | ===> btop++ v.1.3.2
2024/08/25 (11:26:35) | WARNING: NVML: Failed to get maximum GPU power draw, defaulting to 225W: Not Supported
2024/08/25 (11:26:35) | WARNING: NVML: Failed to get GPU power usage: Not Supported
2024/08/25 (11:26:35) | ERROR: Invalid size of hex value: AAA
2024/08/25 (11:26:35) | ERROR: Invalid size of hex value: ccc

2024/08/25 (11:39:03) | ===> btop++ v.1.3.2
2024/08/25 (11:39:03) | WARNING: NVML: Failed to get maximum GPU power draw, defaulting to 225W: Not Supported
2024/08/25 (11:39:03) | WARNING: NVML: Failed to get GPU power usage: Not Supported
2024/08/25 (11:39:03) | ERROR: Invalid size of hex value: AAA
2024/08/25 (11:39:03) | ERROR: Invalid size of hex value: ccc

2024/08/25 (11:39:44) | ===> btop++ v.1.3.2
2024/08/25 (11:39:44) | WARNING: NVML: Failed to get maximum GPU power draw, defaulting to 225W: Not Supported
2024/08/25 (11:39:44) | WARNING: NVML: Failed to get GPU power usage: Not Supported
2024/08/25 (11:39:44) | ERROR: Invalid size of hex value: AAA
2024/08/25 (11:39:44) | ERROR: Invalid size of hex value: ccc

2024/08/25 (12:33:22) | ===> btop++ v.1.3.2
2024/08/25 (12:33:22) | WARNING: NVML: Failed to get maximum GPU power draw, defaulting to 225W: Not Supported
2024/08/25 (12:33:22) | WARNING: NVML: Failed to get GPU power usage: Not Supported
2024/08/25 (12:33:22) | ERROR: Invalid size of hex value: AAA
2024/08/25 (12:33:22) | ERROR: Invalid size of hex value: ccc

2024/08/25 (12:34:03) | ===> btop++ v.1.3.2
2024/08/25 (12:34:03) | WARNING: NVML: Failed to get maximum GPU power draw, defaulting to 225W: Not Supported
2024/08/25 (12:34:03) | WARNING: NVML: Failed to get GPU power usage: Not Supported
2024/08/25 (12:34:03) | ERROR: Invalid size of hex value: AAA
2024/08/25 (12:34:03) | ERROR: Invalid size of hex value: ccc

2024/08/26 (12:24:15) | ===> btop++ v.1.3.2
2024/08/26 (12:24:15) | WARNING: NVML: Failed to get maximum GPU power draw, defaulting to 225W: Not Supported
2024/08/26 (12:24:16) | WARNING: NVML: Failed to get GPU power usage: Not Supported
2024/08/26 (12:24:16) | ERROR: Invalid size of hex value: AAA
2024/08/26 (12:24:16) | ERROR: Invalid size of hex value: ccc
2024/08/26 (12:25:27) | ERROR: Invalid size of hex value: AAA
2024/08/26 (12:25:27) | ERROR: Invalid size of hex value: ccc

2024/08/26 (14:24:28) | ===> btop++ v.1.3.2
2024/08/26 (14:24:28) | WARNING: NVML: Failed to get maximum GPU power draw, defaulting to 225W: Not Supported
2024/08/26 (14:24:28) | WARNING: NVML: Failed to get GPU power usage: Not Supported
2024/08/26 (14:24:29) | ERROR: Invalid size of hex value: AAA
2024/08/26 (14:24:29) | ERROR: Invalid size of hex value: ccc

2024/08/26 (23:07:36) | ===> btop++ v.1.3.2
2024/08/26 (23:07:36) | ERROR: No tty detected!
btop++ needs an interactive shell to run.

2024/08/27 (18:08:20) | ===> btop++ v.1.3.2
2024/08/27 (18:08:20) | WARNING: NVML: Failed to get maximum GPU power draw, defaulting to 225W: Not Supported
2024/08/27 (18:08:20) | WARNING: NVML: Failed to get GPU power usage: Not Supported
2024/08/27 (18:08:20) | ERROR: Invalid size of hex value: AAA
2024/08/27 (18:08:20) | ERROR: Invalid size of hex value: ccc

2024/08/28 (13:25:44) | ===> btop++ v.1.3.2
2024/08/28 (13:25:44) | WARNING: NVML: Failed to get maximum GPU power draw, defaulting to 225W: Not Supported
2024/08/28 (13:25:44) | WARNING: NVML: Failed to get GPU power usage: Not Supported
2024/08/28 (13:25:44) | ERROR: Invalid size of hex value: AAA
2024/08/28 (13:25:44) | ERROR: Invalid size of hex value: ccc

2024/08/31 (23:30:36) | ===> btop++ v.1.3.2
2024/08/31 (23:30:36) | WARNING: NVML: Failed to get maximum GPU power draw, defaulting to 225W: Not Supported
2024/08/31 (23:30:36) | WARNING: NVML: Failed to get GPU power usage: Not Supported
2024/08/31 (23:30:37) | ERROR: Invalid size of hex value: AAA
2024/08/31 (23:30:37) | ERROR: Invalid size of hex value: ccc

2024/08/31 (23:46:29) | ===> btop++ v.1.3.2
2024/08/31 (23:46:29) | WARNING: NVML: Failed to get maximum GPU power draw, defaulting to 225W: Not Supported
2024/08/31 (23:46:29) | WARNING: NVML: Failed to get GPU power usage: Not Supported
2024/08/31 (23:46:29) | ERROR: Invalid size of hex value: AAA
2024/08/31 (23:46:29) | ERROR: Invalid size of hex value: ccc
2024/08/31 (23:47:02) | ERROR: Invalid size of hex value: AAA
2024/08/31 (23:47:02) | ERROR: Invalid size of hex value: ccc
2024/08/31 (23:47:05) | ERROR: Invalid size of hex value: AAA
2024/08/31 (23:47:05) | ERROR: Invalid size of hex value: ccc
2024/08/31 (23:47:06) | ERROR: Invalid size of hex value: AAA
2024/08/31 (23:47:06) | ERROR: Invalid size of hex value: ccc
2024/08/31 (23:47:07) | ERROR: Invalid size of hex value: AAA
2024/08/31 (23:47:07) | ERROR: Invalid size of hex value: ccc
2024/08/31 (23:47:07) | ERROR: Invalid size of hex value: AAA
2024/08/31 (23:47:07) | ERROR: Invalid size of hex value: ccc
2024/08/31 (23:47:07) | ERROR: Invalid size of hex value: AAA
2024/08/31 (23:47:07) | ERROR: Invalid size of hex value: ccc
2024/08/31 (23:47:07) | ERROR: Invalid size of hex value: AAA
2024/08/31 (23:47:07) | ERROR: Invalid size of hex value: ccc
2024/08/31 (23:47:07) | ERROR: Invalid size of hex value: AAA
2024/08/31 (23:47:07) | ERROR: Invalid size of hex value: ccc
2024/08/31 (23:47:08) | ERROR: Invalid size of hex value: AAA
2024/08/31 (23:47:08) | ERROR: Invalid size of hex value: ccc
2024/08/31 (23:47:08) | ERROR: Invalid size of hex value: AAA
2024/08/31 (23:47:08) | ERROR: Invalid size of hex value: ccc
2024/08/31 (23:47:08) | ERROR: Invalid size of hex value: AAA
2024/08/31 (23:47:08) | ERROR: Invalid size of hex value: ccc
2024/08/31 (23:47:08) | ERROR: Invalid size of hex value: AAA
2024/08/31 (23:47:08) | ERROR: Invalid size of hex value: ccc
2024/08/31 (23:47:08) | ERROR: Invalid size of hex value: AAA
2024/08/31 (23:47:08) | ERROR: Invalid size of hex value: ccc
2024/08/31 (23:47:09) | ERROR: Invalid size of hex value: AAA
2024/08/31 (23:47:09) | ERROR: Invalid size of hex value: ccc
2024/08/31 (23:47:09) | ERROR: Invalid size of hex value: AAA
2024/08/31 (23:47:09) | ERROR: Invalid size of hex value: ccc
2024/08/31 (23:47:09) | ERROR: Invalid size of hex value: AAA
2024/08/31 (23:47:09) | ERROR: Invalid size of hex value: ccc
2024/08/31 (23:47:13) | ERROR: Invalid size of hex value: AAA
2024/08/31 (23:47:13) | ERROR: Invalid size of hex value: ccc
2024/08/31 (23:47:25) | ERROR: Invalid size of hex value: AAA
2024/08/31 (23:47:25) | ERROR: Invalid size of hex value: ccc

2024/09/01 (17:15:36) | ===> btop++ v.1.3.2
2024/09/01 (17:15:36) | WARNING: NVML: Failed to get maximum GPU power draw, defaulting to 225W: Not Supported
2024/09/01 (17:15:36) | WARNING: NVML: Failed to get GPU power usage: Not Supported
2024/09/01 (17:15:36) | ERROR: Invalid size of hex value: AAA
2024/09/01 (17:15:36) | ERROR: Invalid size of hex value: ccc

2024/11/20 (18:18:38) | ===> btop++ v.1.4.0
2024/11/20 (18:18:38) | WARNING: Intel GPU: Failed to initialize PMU
2024/11/20 (18:18:57) | ERROR: Invalid size of hex value: AAA
2024/11/20 (18:18:57) | ERROR: Invalid size of hex value: ccc
2024/11/20 (18:19:02) | ERROR: Invalid size of hex value: AAA
2024/11/20 (18:19:02) | ERROR: Invalid size of hex value: ccc

2024/11/20 (18:21:35) | ===> btop++ v.1.4.0
2024/11/20 (18:21:35) | WARNING: Intel GPU: Failed to initialize PMU
2024/11/20 (18:21:41) | ERROR: Invalid size of hex value: AAA
2024/11/20 (18:21:41) | ERROR: Invalid size of hex value: ccc

2024/11/20 (18:22:18) | ===> btop++ v.1.4.0
2024/11/20 (18:22:18) | WARNING: Intel GPU: Failed to initialize PMU
2024/11/20 (18:22:18) | ERROR: Invalid size of hex value: AAA
2024/11/20 (18:22:18) | ERROR: Invalid size of hex value: ccc

2024/11/21 (19:11:18) | ===> btop++ v.1.4.0
2024/11/21 (19:11:18) | WARNING: Intel GPU: Failed to initialize PMU
2024/11/21 (19:11:18) | ERROR: Invalid size of hex value: AAA
2024/11/21 (19:11:18) | ERROR: Invalid size of hex value: ccc

2024/11/22 (13:45:59) | ===> btop++ v.1.4.0
2024/11/22 (13:45:59) | WARNING: Intel GPU: Failed to initialize PMU
2024/11/22 (13:45:59) | ERROR: Invalid size of hex value: AAA
2024/11/22 (13:45:59) | ERROR: Invalid size of hex value: ccc

2024/11/23 (11:58:56) | ===> btop++ v.1.4.0
2024/11/23 (11:58:56) | WARNING: Intel GPU: Failed to initialize PMU
2024/11/23 (11:58:56) | ERROR: Invalid size of hex value: AAA
2024/11/23 (11:58:56) | ERROR: Invalid size of hex value: ccc

2024/11/23 (12:00:11) | ===> btop++ v.1.4.0
2024/11/23 (12:00:11) | WARNING: Intel GPU: Failed to initialize PMU
2024/11/23 (12:00:11) | ERROR: Invalid size of hex value: AAA
2024/11/23 (12:00:11) | ERROR: Invalid size of hex value: ccc

2024/11/23 (12:01:17) | ===> btop++ v.1.4.0
2024/11/23 (12:01:17) | WARNING: Intel GPU: Failed to initialize PMU
2024/11/23 (12:01:17) | ERROR: Invalid size of hex value: AAA
2024/11/23 (12:01:17) | ERROR: Invalid size of hex value: ccc

2024/11/23 (15:12:48) | ===> btop++ v.1.4.0
2024/11/23 (15:12:48) | WARNING: Intel GPU: Failed to initialize PMU
2024/11/23 (15:12:48) | ERROR: Invalid size of hex value: AAA
2024/11/23 (15:12:48) | ERROR: Invalid size of hex value: ccc

2024/11/23 (18:28:27) | ===> btop++ v.1.4.0
2024/11/23 (18:28:27) | WARNING: NVML: Failed to get maximum GPU power draw, defaulting to 225W: Not Supported
2024/11/23 (18:28:27) | WARNING: NVML: Failed to get GPU power usage: Not Supported
2024/11/23 (18:28:27) | WARNING: Intel GPU: Failed to initialize PMU
2024/11/23 (18:28:27) | ERROR: Invalid size of hex value: AAA
2024/11/23 (18:28:27) | ERROR: Invalid size of hex value: ccc

2024/11/24 (12:44:37) | ===> btop++ v.1.4.0
2024/11/24 (12:44:37) | WARNING: NVML: Failed to get maximum GPU power draw, defaulting to 225W: Not Supported
2024/11/24 (12:44:38) | WARNING: NVML: Failed to get GPU power usage: Not Supported
2024/11/24 (12:44:38) | WARNING: Intel GPU: Failed to initialize PMU
2024/11/24 (12:44:38) | ERROR: Invalid size of hex value: AAA
2024/11/24 (12:44:38) | ERROR: Invalid size of hex value: ccc

2024/11/24 (13:21:00) | ===> btop++ v.1.4.0
2024/11/24 (13:21:00) | WARNING: NVML: Failed to get maximum GPU power draw, defaulting to 225W: Not Supported
2024/11/24 (13:21:00) | WARNING: NVML: Failed to get GPU power usage: Not Supported
2024/11/24 (13:21:00) | WARNING: Intel GPU: Failed to initialize PMU
2024/11/24 (13:21:00) | ERROR: Invalid size of hex value: AAA
2024/11/24 (13:21:00) | ERROR: Invalid size of hex value: ccc

2024/11/24 (13:22:50) | ===> btop++ v.1.4.0
2024/11/24 (13:22:50) | WARNING: NVML: Failed to get maximum GPU power draw, defaulting to 225W: Not Supported
2024/11/24 (13:22:50) | WARNING: NVML: Failed to get GPU power usage: Not Supported
2024/11/24 (13:22:50) | WARNING: Intel GPU: Failed to initialize PMU
2024/11/24 (13:22:50) | ERROR: Invalid size of hex value: AAA
2024/11/24 (13:22:50) | ERROR: Invalid size of hex value: ccc

2024/11/24 (14:26:06) | ===> btop++ v.1.4.0
2024/11/24 (14:26:06) | WARNING: NVML: Failed to get maximum GPU power draw, defaulting to 225W: Not Supported
2024/11/24 (14:26:06) | WARNING: NVML: Failed to get GPU power usage: Not Supported
2024/11/24 (14:26:06) | WARNING: Intel GPU: Failed to initialize PMU
2024/11/24 (14:26:06) | ERROR: Invalid size of hex value: AAA
2024/11/24 (14:26:06) | ERROR: Invalid size of hex value: ccc

2024/11/24 (14:32:03) | ===> btop++ v.1.4.0
2024/11/24 (14:32:03) | WARNING: NVML: Failed to get maximum GPU power draw, defaulting to 225W: Not Supported
2024/11/24 (14:32:03) | WARNING: NVML: Failed to get GPU power usage: Not Supported
2024/11/24 (14:32:03) | WARNING: Intel GPU: Failed to initialize PMU
2024/11/24 (14:32:03) | ERROR: Invalid size of hex value: AAA
2024/11/24 (14:32:03) | ERROR: Invalid size of hex value: ccc

2024/11/26 (21:40:50) | ===> btop++ v.1.4.0
2024/11/26 (21:40:50) | WARNING: NVML: Failed to get maximum GPU power draw, defaulting to 225W: Not Supported
2024/11/26 (21:40:50) | WARNING: NVML: Failed to get GPU power usage: Not Supported
2024/11/26 (21:40:50) | WARNING: Intel GPU: Failed to initialize PMU
2024/11/26 (21:40:50) | ERROR: Invalid size of hex value: AAA
2024/11/26 (21:40:50) | ERROR: Invalid size of hex value: ccc

2024/11/27 (09:29:57) | ===> btop++ v.1.4.0
2024/11/27 (09:29:57) | WARNING: NVML: Failed to get maximum GPU power draw, defaulting to 225W: Not Supported
2024/11/27 (09:29:57) | WARNING: NVML: Failed to get GPU power usage: Not Supported
2024/11/27 (09:29:57) | WARNING: Intel GPU: Failed to initialize PMU

2024/11/27 (18:21:34) | ===> btop++ v.1.4.0
2024/11/27 (18:21:34) | WARNING: NVML: Failed to get maximum GPU power draw, defaulting to 225W: Not Supported
2024/11/27 (18:21:34) | WARNING: NVML: Failed to get GPU power usage: Not Supported
2024/11/27 (18:21:34) | WARNING: Intel GPU: Failed to initialize PMU

2024/11/29 (14:36:17) | ===> btop++ v.1.4.0
2024/11/29 (14:36:17) | WARNING: NVML: Failed to get maximum GPU power draw, defaulting to 225W: Not Supported
2024/11/29 (14:36:17) | WARNING: NVML: Failed to get GPU power usage: Not Supported
2024/11/29 (14:36:17) | WARNING: Intel GPU: Failed to initialize PMU

2024/11/29 (19:12:49) | ===> btop++ v.1.4.0
2024/11/29 (19:12:49) | WARNING: NVML: Failed to get maximum GPU power draw, defaulting to 225W: Not Supported
2024/11/29 (19:12:49) | WARNING: NVML: Failed to get GPU power usage: Not Supported
2024/11/29 (19:12:49) | WARNING: Intel GPU: Failed to initialize PMU

2024/11/30 (14:17:35) | ===> btop++ v.1.4.0
2024/11/30 (14:17:35) | WARNING: NVML: Failed to get maximum GPU power draw, defaulting to 225W: Not Supported
2024/11/30 (14:17:35) | WARNING: NVML: Failed to get GPU power usage: Not Supported
2024/11/30 (14:17:35) | WARNING: Intel GPU: Failed to initialize PMU

2024/12/18 (03:47:13) | ===> btop++ v.1.4.0
2024/12/18 (03:47:13) | WARNING: NVML: Failed to get maximum GPU power draw, defaulting to 225W: Not Supported
2024/12/18 (03:47:13) | WARNING: NVML: Failed to get GPU power usage: Not Supported
2024/12/18 (03:47:13) | WARNING: Intel GPU: Failed to initialize PMU

2024/12/19 (02:08:27) | ===> btop++ v.1.4.0
2024/12/19 (02:08:27) | WARNING: NVML: Failed to get maximum GPU power draw, defaulting to 225W: Not Supported
2024/12/19 (02:08:27) | WARNING: NVML: Failed to get GPU power usage: Not Supported
2024/12/19 (02:08:27) | WARNING: Intel GPU: Failed to initialize PMU

2025/01/13 (14:57:13) | ===> btop++ v.1.4.0
2025/01/13 (14:57:13) | WARNING: NVML: Failed to get maximum GPU power draw, defaulting to 225W: Not Supported
2025/01/13 (14:57:13) | WARNING: NVML: Failed to get GPU power usage: Not Supported
2025/01/13 (14:57:13) | WARNING: Intel GPU: Failed to initialize PMU

2025/01/14 (09:44:03) | ===> btop++ v.1.4.0
2025/01/14 (09:44:03) | WARNING: NVML: Failed to get maximum GPU power draw, defaulting to 225W: Not Supported
2025/01/14 (09:44:03) | WARNING: NVML: Failed to get GPU power usage: Not Supported
2025/01/14 (09:44:03) | WARNING: Intel GPU: Failed to initialize PMU

2025/02/04 (15:52:35) | ===> btop++ v.1.4.0
2025/02/04 (15:52:35) | WARNING: NVML: Failed to get maximum GPU power draw, defaulting to 225W: Not Supported
2025/02/04 (15:52:35) | WARNING: NVML: Failed to get GPU power usage: Not Supported
2025/02/04 (15:52:36) | WARNING: Intel GPU: Failed to initialize PMU

2025/02/04 (21:50:10) | ===> btop++ v.1.4.0
2025/02/04 (21:50:10) | WARNING: NVML: Failed to get maximum GPU power draw, defaulting to 225W: Not Supported
2025/02/04 (21:50:10) | WARNING: NVML: Failed to get GPU power usage: Not Supported
2025/02/04 (21:50:10) | WARNING: Intel GPU: Failed to initialize PMU

2025/02/05 (20:02:53) | ===> btop++ v.1.4.0
2025/02/05 (20:02:53) | WARNING: NVML: Failed to get maximum GPU power draw, defaulting to 225W: Not Supported
2025/02/05 (20:02:53) | WARNING: NVML: Failed to get GPU power usage: Not Supported
2025/02/05 (20:02:53) | WARNING: Intel GPU: Failed to initialize PMU

2025/02/05 (20:08:14) | ===> btop++ v.1.4.0
2025/02/05 (20:08:14) | WARNING: NVML: Failed to get maximum GPU power draw, defaulting to 225W: Not Supported
2025/02/05 (20:08:14) | WARNING: NVML: Failed to get GPU power usage: Not Supported
2025/02/05 (20:08:14) | WARNING: Intel GPU: Failed to initialize PMU

2025/02/05 (20:08:47) | ===> btop++ v.1.4.0
2025/02/05 (20:08:47) | WARNING: NVML: Failed to get maximum GPU power draw, defaulting to 225W: Not Supported
2025/02/05 (20:08:47) | WARNING: NVML: Failed to get GPU power usage: Not Supported
2025/02/05 (20:08:47) | WARNING: Intel GPU: Failed to initialize PMU

2025/02/05 (20:08:57) | ===> btop++ v.1.4.0
2025/02/05 (20:08:57) | WARNING: NVML: Failed to get maximum GPU power draw, defaulting to 225W: Not Supported
2025/02/05 (20:08:57) | WARNING: NVML: Failed to get GPU power usage: Not Supported
2025/02/05 (20:08:57) | WARNING: Intel GPU: Failed to initialize PMU

2025/02/05 (20:35:35) | ===> btop++ v.1.4.0
2025/02/05 (20:35:35) | WARNING: NVML: Failed to get maximum GPU power draw, defaulting to 225W: Not Supported
2025/02/05 (20:35:35) | WARNING: NVML: Failed to get GPU power usage: Not Supported
2025/02/05 (20:35:35) | WARNING: Intel GPU: Failed to initialize PMU

2025/03/15 (22:46:35) | ===> btop++ v.1.4.0
2025/03/15 (22:46:35) | WARNING: NVML: Failed to get maximum GPU power draw, defaulting to 225W: Not Supported
2025/03/15 (22:46:35) | WARNING: NVML: Failed to get GPU power usage: Not Supported
2025/03/15 (22:46:35) | WARNING: Intel GPU: Failed to initialize PMU

2025/03/16 (16:17:35) | ===> btop++ v.1.4.0
2025/03/16 (16:17:35) | WARNING: NVML: Failed to get maximum GPU power draw, defaulting to 225W: Not Supported
2025/03/16 (16:17:35) | WARNING: NVML: Failed to get GPU power usage: Not Supported
2025/03/16 (16:17:35) | WARNING: Intel GPU: Failed to initialize PMU

2025/03/16 (20:54:43) | ===> btop++ v.1.4.0
2025/03/16 (20:54:43) | WARNING: NVML: Failed to get maximum GPU power draw, defaulting to 225W: Not Supported
2025/03/16 (20:54:43) | WARNING: NVML: Failed to get GPU power usage: Not Supported
2025/03/16 (20:54:43) | WARNING: Intel GPU: Failed to initialize PMU

2025/03/18 (11:13:39) | ===> btop++ v.1.4.0
2025/03/18 (11:13:39) | WARNING: NVML: Failed to get maximum GPU power draw, defaulting to 225W: Not Supported
2025/03/18 (11:13:39) | WARNING: NVML: Failed to get GPU power usage: Not Supported
2025/03/18 (11:13:39) | WARNING: Intel GPU: Failed to initialize PMU

2025/03/18 (14:20:45) | ===> btop++ v.1.4.0
2025/03/18 (14:20:45) | WARNING: NVML: Failed to get maximum GPU power draw, defaulting to 225W: Not Supported
2025/03/18 (14:20:45) | WARNING: NVML: Failed to get GPU power usage: Not Supported
2025/03/18 (14:20:45) | WARNING: Intel GPU: Failed to initialize PMU

2025/03/22 (13:25:25) | ===> btop++ v.1.4.0
2025/03/22 (13:25:25) | WARNING: NVML: Failed to get maximum GPU power draw, defaulting to 225W: Not Supported
2025/03/22 (13:25:25) | WARNING: NVML: Failed to get GPU power usage: Not Supported
2025/03/22 (13:25:25) | WARNING: Intel GPU: Failed to initialize PMU

2025/03/29 (11:53:38) | ===> btop++ v.1.4.0
2025/03/29 (11:53:38) | WARNING: NVML: Failed to get maximum GPU power draw, defaulting to 225W: Not Supported
2025/03/29 (11:53:38) | WARNING: NVML: Failed to get GPU power usage: Not Supported
2025/03/29 (11:53:38) | WARNING: Intel GPU: Failed to initialize PMU

2025/04/06 (20:49:34) | ===> btop++ v.1.4.0
2025/04/06 (20:49:34) | WARNING: NVML: Failed to get maximum GPU power draw, defaulting to 225W: Not Supported
2025/04/06 (20:49:34) | WARNING: NVML: Failed to get GPU power usage: Not Supported
2025/04/06 (20:49:35) | WARNING: Intel GPU: Failed to initialize PMU
2025/04/06 (20:50:20) | WARNING: Failed to join _runner thread on exit!

2025/04/06 (21:44:47) | ===> btop++ v.1.4.0
2025/04/06 (21:44:47) | WARNING: NVML: Failed to get maximum GPU power draw, defaulting to 225W: Not Supported
2025/04/06 (21:44:47) | WARNING: NVML: Failed to get GPU power usage: Not Supported
2025/04/06 (21:44:47) | WARNING: Intel GPU: Failed to initialize PMU
2025/04/06 (21:45:04) | WARNING: Failed to join _runner thread on exit!

2025/04/06 (21:46:37) | ===> btop++ v.1.4.0
2025/04/06 (21:46:37) | WARNING: NVML: Failed to get maximum GPU power draw, defaulting to 225W: Not Supported
2025/04/06 (21:46:37) | WARNING: NVML: Failed to get GPU power usage: Not Supported
2025/04/06 (21:46:37) | WARNING: Intel GPU: Failed to initialize PMU

2025/04/06 (22:00:35) | ===> btop++ v.1.4.0
2025/04/06 (22:00:35) | WARNING: NVML: Failed to get maximum GPU power draw, defaulting to 225W: Not Supported
2025/04/06 (22:00:35) | WARNING: NVML: Failed to get GPU power usage: Not Supported
2025/04/06 (22:00:35) | WARNING: Intel GPU: Failed to initialize PMU
2025/04/06 (22:00:39) | WARNING: Failed to join _runner thread on exit!

2025/04/06 (22:01:39) | ===> btop++ v.1.4.0
2025/04/06 (22:01:39) | WARNING: NVML: Failed to get maximum GPU power draw, defaulting to 225W: Not Supported
2025/04/06 (22:01:39) | WARNING: NVML: Failed to get GPU power usage: Not Supported
2025/04/06 (22:01:39) | WARNING: Intel GPU: Failed to initialize PMU
2025/04/06 (22:01:43) | WARNING: Failed to join _runner thread on exit!

2025/04/06 (22:02:29) | ===> btop++ v.1.4.0
2025/04/06 (22:02:29) | WARNING: NVML: Failed to get maximum GPU power draw, defaulting to 225W: Not Supported
2025/04/06 (22:02:29) | WARNING: NVML: Failed to get GPU power usage: Not Supported
2025/04/06 (22:02:29) | WARNING: Intel GPU: Failed to initialize PMU

2025/04/06 (22:03:19) | ===> btop++ v.1.4.0
2025/04/06 (22:03:19) | WARNING: NVML: Failed to get maximum GPU power draw, defaulting to 225W: Not Supported
2025/04/06 (22:03:19) | WARNING: NVML: Failed to get GPU power usage: Not Supported
2025/04/06 (22:03:19) | WARNING: Intel GPU: Failed to initialize PMU

2025/04/06 (22:06:50) | ===> btop++ v.1.4.0
2025/04/06 (22:06:50) | WARNING: NVML: Failed to get maximum GPU power draw, defaulting to 225W: Not Supported
2025/04/06 (22:06:50) | WARNING: NVML: Failed to get GPU power usage: Not Supported
2025/04/06 (22:06:50) | WARNING: Intel GPU: Failed to initialize PMU
2025/04/06 (22:06:55) | WARNING: Failed to join _runner thread on exit!

2025/04/06 (22:11:29) | ===> btop++ v.1.4.0
2025/04/06 (22:11:29) | WARNING: NVML: Failed to get maximum GPU power draw, defaulting to 225W: Not Supported
2025/04/06 (22:11:29) | WARNING: NVML: Failed to get GPU power usage: Not Supported
2025/04/06 (22:11:29) | WARNING: Intel GPU: Failed to initialize PMU

2025/04/06 (22:16:54) | ===> btop++ v.1.4.0
2025/04/06 (22:16:54) | WARNING: NVML: Failed to get maximum GPU power draw, defaulting to 225W: Not Supported
2025/04/06 (22:16:54) | WARNING: NVML: Failed to get GPU power usage: Not Supported
2025/04/06 (22:16:55) | WARNING: Intel GPU: Failed to initialize PMU

2025/04/07 (08:33:55) | ===> btop++ v.1.4.0
2025/04/07 (08:33:55) | WARNING: NVML: Failed to get maximum GPU power draw, defaulting to 225W: Not Supported
2025/04/07 (08:33:55) | WARNING: NVML: Failed to get GPU power usage: Not Supported
2025/04/07 (08:33:55) | WARNING: Intel GPU: Failed to initialize PMU
2025/04/07 (08:34:16) | WARNING: Failed to join _runner thread on exit!

2025/04/07 (09:11:59) | ===> btop++ v.1.4.0
2025/04/07 (09:11:59) | WARNING: NVML: Failed to get maximum GPU power draw, defaulting to 225W: Not Supported
2025/04/07 (09:11:59) | WARNING: NVML: Failed to get GPU power usage: Not Supported
2025/04/07 (09:11:59) | WARNING: Intel GPU: Failed to initialize PMU
2025/04/07 (09:12:04) | WARNING: Failed to join _runner thread on exit!

2025/04/07 (09:34:26) | ===> btop++ v.1.4.0
2025/04/07 (09:34:26) | WARNING: NVML: Failed to get maximum GPU power draw, defaulting to 225W: Not Supported
2025/04/07 (09:34:26) | WARNING: NVML: Failed to get GPU power usage: Not Supported
2025/04/07 (09:34:26) | WARNING: Intel GPU: Failed to initialize PMU
2025/04/07 (09:34:36) | WARNING: Failed to join _runner thread on exit!

2025/04/07 (14:33:34) | ===> btop++ v.1.4.0
2025/04/07 (14:33:34) | WARNING: NVML: Failed to get maximum GPU power draw, defaulting to 225W: Not Supported
2025/04/07 (14:33:34) | WARNING: NVML: Failed to get GPU power usage: Not Supported
2025/04/07 (14:33:34) | WARNING: Intel GPU: Failed to initialize PMU
2025/04/07 (14:34:16) | WARNING: Failed to join _runner thread on exit!

2025/04/10 (10:09:53) | ===> btop++ v.1.4.0
2025/04/10 (10:09:53) | WARNING: NVML: Failed to get maximum GPU power draw, defaulting to 225W: Not Supported
2025/04/10 (10:09:53) | WARNING: NVML: Failed to get GPU power usage: Not Supported
2025/04/10 (10:09:53) | WARNING: Intel GPU: Failed to initialize PMU
2025/04/10 (10:10:04) | WARNING: Failed to join _runner thread on exit!

2025/04/10 (10:10:08) | ===> btop++ v.1.4.0
2025/04/10 (10:10:08) | WARNING: NVML: Failed to get maximum GPU power draw, defaulting to 225W: Not Supported
2025/04/10 (10:10:08) | WARNING: NVML: Failed to get GPU power usage: Not Supported
2025/04/10 (10:10:08) | WARNING: Intel GPU: Failed to initialize PMU
2025/04/10 (10:10:19) | WARNING: Failed to join _runner thread on exit!

2025/04/10 (14:43:51) | ===> btop++ v.1.4.0
2025/04/10 (14:43:51) | WARNING: NVML: Failed to get maximum GPU power draw, defaulting to 225W: Not Supported
2025/04/10 (14:43:51) | WARNING: NVML: Failed to get GPU power usage: Not Supported
2025/04/10 (14:43:51) | WARNING: Intel GPU: Failed to initialize PMU
2025/04/10 (14:44:02) | WARNING: Failed to join _runner thread on exit!

2025/04/12 (12:28:56) | ===> btop++ v.1.4.0
2025/04/12 (12:28:56) | WARNING: NVML: Failed to get maximum GPU power draw, defaulting to 225W: Not Supported
2025/04/12 (12:28:56) | WARNING: NVML: Failed to get GPU power usage: Not Supported
2025/04/12 (12:28:56) | WARNING: Intel GPU: Failed to initialize PMU

2025/04/12 (12:32:00) | ===> btop++ v.1.4.0
2025/04/12 (12:32:00) | WARNING: NVML: Failed to get maximum GPU power draw, defaulting to 225W: Not Supported
2025/04/12 (12:32:00) | WARNING: NVML: Failed to get GPU power usage: Not Supported
2025/04/12 (12:32:00) | WARNING: Intel GPU: Failed to initialize PMU

2025/04/12 (18:40:03) | ===> btop++ v.1.4.0
2025/04/12 (18:40:03) | WARNING: NVML: Failed to get maximum GPU power draw, defaulting to 225W: Not Supported
2025/04/12 (18:40:03) | WARNING: NVML: Failed to get GPU power usage: Not Supported
2025/04/12 (18:40:03) | WARNING: Intel GPU: Failed to initialize PMU

2025/04/13 (11:18:40) | ===> btop++ v.1.4.0
2025/04/13 (11:18:40) | WARNING: NVML: Failed to get maximum GPU power draw, defaulting to 225W: Not Supported
2025/04/13 (11:18:40) | WARNING: NVML: Failed to get GPU power usage: Not Supported
2025/04/13 (11:18:40) | WARNING: Intel GPU: Failed to initialize PMU
2025/04/13 (11:18:52) | WARNING: Failed to join _runner thread on exit!

2025/04/13 (17:40:03) | ===> btop++ v.1.4.0
2025/04/13 (17:40:03) | WARNING: NVML: Failed to get maximum GPU power draw, defaulting to 225W: Not Supported
2025/04/13 (17:40:03) | WARNING: NVML: Failed to get GPU power usage: Not Supported
2025/04/13 (17:40:03) | WARNING: Intel GPU: Failed to initialize PMU

2025/04/13 (17:44:00) | ===> btop++ v.1.4.0
2025/04/13 (17:44:00) | ERROR: No tty detected!
btop++ needs an interactive shell to run.

2025/04/13 (21:29:52) | ===> btop++ v.1.4.0
2025/04/13 (21:29:52) | WARNING: NVML: Failed to get maximum GPU power draw, defaulting to 225W: Not Supported
2025/04/13 (21:29:52) | WARNING: NVML: Failed to get GPU power usage: Not Supported
2025/04/13 (21:29:52) | WARNING: Intel GPU: Failed to initialize PMU

2025/04/13 (22:03:38) | ===> btop++ v.1.4.0
2025/04/13 (22:03:38) | WARNING: NVML: Failed to get maximum GPU power draw, defaulting to 225W: Not Supported
2025/04/13 (22:03:38) | WARNING: NVML: Failed to get GPU power usage: Not Supported
2025/04/13 (22:03:38) | WARNING: Intel GPU: Failed to initialize PMU

2025/04/14 (21:53:56) | ===> btop++ v.1.4.0
2025/04/14 (21:53:56) | WARNING: NVML: Failed to get maximum GPU power draw, defaulting to 225W: Not Supported
2025/04/14 (21:53:56) | WARNING: NVML: Failed to get GPU power usage: Not Supported
2025/04/14 (21:53:56) | WARNING: Intel GPU: Failed to initialize PMU

2025/04/15 (09:44:06) | ===> btop++ v.1.4.0
2025/04/15 (09:44:06) | WARNING: NVML: Failed to get maximum GPU power draw, defaulting to 225W: Not Supported
2025/04/15 (09:44:06) | WARNING: NVML: Failed to get GPU power usage: Not Supported
2025/04/15 (09:44:06) | WARNING: Intel GPU: Failed to initialize PMU

2025/04/15 (15:32:29) | ===> btop++ v.1.4.0
2025/04/15 (15:32:29) | WARNING: NVML: Failed to get maximum GPU power draw, defaulting to 225W: Not Supported
2025/04/15 (15:32:29) | WARNING: NVML: Failed to get GPU power usage: Not Supported
2025/04/15 (15:32:29) | WARNING: Intel GPU: Failed to initialize PMU

2025/04/18 (20:44:24) | ===> btop++ v.1.4.0
2025/04/18 (20:44:24) | WARNING: NVML: Failed to get maximum GPU power draw, defaulting to 225W: Not Supported
2025/04/18 (20:44:24) | WARNING: NVML: Failed to get GPU power usage: Not Supported
2025/04/18 (20:44:24) | WARNING: Intel GPU: Failed to initialize PMU
2025/04/18 (20:45:38) | WARNING: Failed to join _runner thread on exit!

2025/04/23 (10:49:57) | ===> btop++ v.1.4.0
2025/04/23 (10:49:57) | WARNING: NVML: Failed to get maximum GPU power draw, defaulting to 225W: Not Supported
2025/04/23 (10:49:57) | WARNING: NVML: Failed to get GPU power usage: Not Supported
2025/04/23 (10:49:57) | WARNING: Intel GPU: Failed to initialize PMU

2025/04/28 (08:56:24) | ===> btop++ v.1.4.0
2025/04/28 (08:56:24) | WARNING: NVML: Failed to get maximum GPU power draw, defaulting to 225W: Not Supported
2025/04/28 (08:56:24) | WARNING: NVML: Failed to get GPU power usage: Not Supported
2025/04/28 (08:56:24) | WARNING: Intel GPU: Failed to initialize PMU
